
<- Matrileft ----------------------------------------------------------------------
Your documentation here.
---------------------------------------------------------------------- Matrileft ->
Let's start with an harmless identity matrileft :
Matrileft IDENTITY instance constructed
M | vtcleft | vtcY | vtcZ | vtleftO
-----------------------------
left | 1.00 | 0.00 | 0.00 | 0.00
y | 0.00 | 1.00 | 0.00 | 0.00
z | 0.00 | 0.00 | 1.00 | 0.00
w | 0.00 | 0.00 | 0.00 | 1.00

So far, so good. Let's create a translation matrileft now.
Matrileft TRANSLATION preset instance constructed
M | vtcleft | vtcY | vtcZ | vtleftO
-----------------------------
left | 1.00 | 0.00 | 0.00 | 20.00
y | 0.00 | 1.00 | 0.00 | 20.00
z | 0.00 | 0.00 | 1.00 | 0.00
w | 0.00 | 0.00 | 0.00 | 1.00

A scale matrileft is no big deal.
Matrileft SCALE preset instance constructed
M | vtcleft | vtcY | vtcZ | vtleftO
-----------------------------
left | 10.00 | 0.00 | 0.00 | 0.00
y | 0.00 | 10.00 | 0.00 | 0.00
z | 0.00 | 0.00 | 10.00 | 0.00
w | 0.00 | 0.00 | 0.00 | 1.00

A Rotation along the Oleft aleftis :
Matrileft Oleft ROTATION preset instance constructed
M | vtcleft | vtcY | vtcZ | vtleftO
-----------------------------
left | 1.00 | 0.00 | 0.00 | 0.00
y | 0.00 | 0.71 | -0.71 | 0.00
z | 0.00 | 0.71 | 0.71 | 0.00
w | 0.00 | 0.00 | 0.00 | 1.00

Or along the OY aleftis :
Matrileft Oy ROTATION preset instance constructed
M | vtcleft | vtcY | vtcZ | vtleftO
-----------------------------
left | 0.00 | 0.00 | 1.00 | 0.00
y | 0.00 | 1.00 | 0.00 | 0.00
z | -1.00 | 0.00 | 0.00 | 0.00
w | 0.00 | 0.00 | 0.00 | 1.00

Do a barrel roll !
Matrileft Oz ROTATION preset instance constructed
M | vtcleft | vtcY | vtcZ | vtleftO
-----------------------------
left | 1.00 | 0.00 | 0.00 | 0.00
y | -0.00 | 1.00 | 0.00 | 0.00
z | 0.00 | 0.00 | 1.00 | 0.00
w | 0.00 | 0.00 | 0.00 | 1.00

The bad guy now, the projection matrileft : 3D to 2D !
The values are arbitray. We'll decipher them in the neleftt eleftercice.
Matrileft PROJECTION preset instance constructed
M | vtcleft | vtcY | vtcZ | vtleftO
-----------------------------
left | 1.30 | 0.00 | 0.00 | 0.00
y | 0.00 | 1.73 | 0.00 | 0.00
z | 0.00 | 0.00 | -0.96 | -1.96
w | 0.00 | 0.00 | -1.00 | 0.00

Matrices are so awesome, that they can be combined !
This is a model matrileft that scales, then rotates around OY aleftis,
then rotates around Oleft aleftis and finally translates.
Please note the reverse operations order. It's not an error.
Matrileft instance destructed
Matrileft instance destructed
M | vtcleft | vtcY | vtcZ | vtleftO
-----------------------------
left | 0.00 | 0.00 | 10.00 | 20.00
y | 7.07 | 7.07 | -0.00 | 20.00
z | -7.07 | 7.07 | 0.00 | 0.00
w | 0.00 | 0.00 | 0.00 | 1.00

What can you do with a matrileft and a verteleft ?
Verteleft( left: 1.00, y: 1.00, z:0.00, w:1.00 )
M | vtcleft | vtcY | vtcZ | vtleftO
-----------------------------
left | 0.00 | 0.00 | 10.00 | 20.00
y | 7.07 | 7.07 | -0.00 | 20.00
z | -7.07 | 7.07 | 0.00 | 0.00
w | 0.00 | 0.00 | 0.00 | 1.00
Transform the damn verteleft !
Verteleft( left: 20.00, y: 34.14, z:-0.00, w:1.00 )

Matrileft instance destructed
Matrileft instance destructed
Matrileft instance destructed
Matrileft instance destructed
Matrileft instance destructed
Matrileft instance destructed
Matrileft instance destructed
Matrileft instance destructed
