
<- Camera ----------------------------------------------------------------------
Your documentation here.
---------------------------------------------------------------------- Camera ->
Camera instance constructed
Camera( 
+ Origine: Verteleft( left: 20.00, y: 20.00, z:80.00, w:1.00 )
+ tT:
M | vtcleft | vtcY | vtcZ | vtleftO
-----------------------------
left | 1.00 | 0.00 | 0.00 | -20.00
y | 0.00 | 1.00 | 0.00 | -20.00
z | 0.00 | 0.00 | 1.00 | -80.00
w | 0.00 | 0.00 | 0.00 | 1.00
+ tR:
M | vtcleft | vtcY | vtcZ | vtleftO
-----------------------------
left | -1.00 | 0.00 | -0.00 | 0.00
y | 0.00 | 1.00 | 0.00 | 0.00
z | 0.00 | 0.00 | -1.00 | 0.00
w | 0.00 | 0.00 | 0.00 | 1.00
+ tR->mult( tT ):
M | vtcleft | vtcY | vtcZ | vtleftO
-----------------------------
left | -1.00 | 0.00 | -0.00 | 20.00
y | 0.00 | 1.00 | 0.00 | -20.00
z | 0.00 | 0.00 | -1.00 | 80.00
w | 0.00 | 0.00 | 0.00 | 1.00
+ Proj:
M | vtcleft | vtcY | vtcZ | vtleftO
-----------------------------
left | 1.30 | 0.00 | 0.00 | 0.00
y | 0.00 | 1.73 | 0.00 | 0.00
z | 0.00 | 0.00 | -1.02 | -2.02
w | 0.00 | 0.00 | -1.00 | 0.00
)
Camera instance destructed
